<?xml version="1.0" encoding="UTF-8"?>
<!-- Generated by org.testng.reporters.JUnitReportReporter -->
<testsuite skipped="0" hostname="karusala" name="testCases.Demo3_PUT_request" tests="1" failures="0" timestamp="24 Oct 2019 18:27:13 GMT" time="29.949" errors="0">
  <testcase name="testPutRequest" time="29.949" classname="testCases.Demo3_PUT_request"/>
</testsuite> <!-- testCases.Demo3_PUT_request -->
