<?xml version="1.0" encoding="UTF-8"?>
<!-- Generated by org.testng.reporters.JUnitReportReporter -->
<testsuite skipped="0" hostname="karusala" name="testCases.Demo1_GET_request" tests="1" failures="0" timestamp="24 Oct 2019 15:47:38 GMT" time="66.108" errors="0">
  <testcase name="getWeatherDetails" time="66.108" classname="testCases.Demo1_GET_request"/>
</testsuite> <!-- testCases.Demo1_GET_request -->
