<?xml version="1.0" encoding="UTF-8"?>
<!-- Generated by org.testng.reporters.JUnitReportReporter -->
<testsuite skipped="0" hostname="karusala" name="testCases.Demo2_POST_request" tests="1" failures="0" timestamp="24 Oct 2019 16:45:34 GMT" time="18.305" errors="0">
  <testcase name="testPostedData" time="18.305" classname="testCases.Demo2_POST_request"/>
</testsuite> <!-- testCases.Demo2_POST_request -->
